<?xml version="1.0"?>
<testsuites>
  <testsuite name="Chrome 34.0.1847 (Windows 7)" package="unit" timestamp="2014-05-09T23:02:44" id="0" hostname="BLANCASL2">
    <properties>
      <property name="browser.fullName" value="Mozilla/5.0 (Windows NT 6.1; WOW64) AppleWebKit/537.36 (KHTML, like Gecko) Chrome/34.0.1847.131 Safari/537.36"/>
    </properties>
  </testsuite>
  <testsuite name="Chrome 34.0.1847 (Windows 7)" package="unit" timestamp="2014-05-09T23:02:44" id="0" hostname="BLANCASL2" tests="10" errors="0" failures="0" time="0.16">
    <properties>
      <property name="browser.fullName" value="Mozilla/5.0 (Windows NT 6.1; WOW64) AppleWebKit/537.36 (KHTML, like Gecko) Chrome/34.0.1847.131 Safari/537.36"/>
    </properties>
    <testcase name="should recognize valid email formats" time="0.018" classname="unit Chrome 34.0.1847 (Windows 7).UserController"/>
    <testcase name="should recognize invalid email formats" time="0.014" classname="unit Chrome 34.0.1847 (Windows 7).UserController"/>
    <testcase name="should recognized subscribed users" time="0.015" classname="unit Chrome 34.0.1847 (Windows 7).UserController"/>
    <testcase name="should not recognize unsubscribed users" time="0.013" classname="unit Chrome 34.0.1847 (Windows 7).UserController"/>
    <testcase name="should subscribe a new user" time="0.017" classname="unit Chrome 34.0.1847 (Windows 7).UserController"/>
    <testcase name="should not subscribe an existing user" time="0.026" classname="unit Chrome 34.0.1847 (Windows 7).UserController"/>
    <testcase name="should not subscribe a user with an invalid email" time="0.011" classname="unit Chrome 34.0.1847 (Windows 7).UserController"/>
    <testcase name="should unsubscribe an existing user" time="0.026" classname="unit Chrome 34.0.1847 (Windows 7).UserController"/>
    <testcase name="should not unsubscribe an unsubscribed user" time="0.011" classname="unit Chrome 34.0.1847 (Windows 7).UserController"/>
    <testcase name="should not unsubscribe a user with an invalid email" time="0.009" classname="unit Chrome 34.0.1847 (Windows 7).UserController"/>
    <system-out><![CDATA[Chrome 34.0.1847 (Windows 7) LOG: 'EXPECTED: line 48'
,Chrome 34.0.1847 (Windows 7) LOG: 'EXPECTED: line 68'

]]></system-out>
    <system-err/>
  </testsuite>
</testsuites>
